<?xml version="1.0" encoding="UTF-8"?>
<testsuite xmlns:xsi="http://www.w3.org/2001/XMLSchema-instance" xsi:noNamespaceSchemaLocation="https://maven.apache.org/surefire/maven-surefire-plugin/xsd/surefire-test-report.xsd" name="apiben10.ben10Runner" time="2.863" tests="6" errors="0" skipped="0" failures="2">
  <properties>
[...]
</properties>
  <testcase name="testBen10[1][1]" classname="apiben10.ben10Runner" time="1.341"/>
  <testcase name="testBen10[1][2]" classname="apiben10.ben10Runner" time="0.1"/>
  <testcase name="testBen10[1][3]" classname="apiben10.ben10Runner" time="0.076"/>
  <testcase name="testBen10[1][4]" classname="apiben10.ben10Runner" time="0.067"/>
  <testcase name="testBen10[1][5]" classname="apiben10.ben10Runner" time="0.079">
    <failure message="match failed: EQUALS&#10;  $ | not equal (STRING:STRING)&#10;  &apos;4&apos;&#10;  &apos;3333&apos;&#10;&#10;classpath:apiben10/ben10.feature:30" type="org.opentest4j.AssertionFailedError">org.opentest4j.AssertionFailedError: 
match failed: EQUALS
  $ | not equal (STRING:STRING)
  '4'
  '3333'

classpath:apiben10/ben10.feature:30
</failure>
    <system-out><![CDATA[10:07:06.821 [main] INFO  com.intuit.karate - karate.env system property was: null 
10:07:06.824 [main] DEBUG com.intuit.karate - request:
1 > GET https://www.omdbapi.com/?t=ben_10&season=2&apikey=6585022c
1 > Host: www.omdbapi.com
1 > Connection: Keep-Alive
1 > User-Agent: Apache-HttpClient/4.5.13 (Java/17.0.6)
1 > Accept-Encoding: gzip,deflate


10:07:06.882 [main] DEBUG com.intuit.karate - response time in milliseconds: 58
1 < 200
1 < Date: Sun, 03 Dec 2023 13:07:06 GMT
1 < Content-Type: application/json; charset=utf-8
1 < Transfer-Encoding: chunked
1 < Connection: keep-alive
1 < Cache-Control: public, max-age=86400
1 < expires: Sun, 03 Dec 2023 13:39:37 GMT
1 < last-modified: Sun, 03 Dec 2023 12:39:37 GMT
1 < vary: *, Accept-Encoding
1 < x-aspnet-version: 4.0.30319
1 < x-powered-by: ASP.NET
1 < access-control-allow-origin: *
1 < CF-Cache-Status: HIT
1 < Age: 1648
1 < Server: cloudflare
1 < CF-RAY: 82fc07e00d640188-GRU
{"Response":"True","totalSeasons":"4","Episodes":[{"Episode":"1","Released":"2006-05-29","imdbID":"tt0826286","Title":"Truth","imdbRating":"7.8"},{"Episode":"2","Released":"2006-05-30","imdbID":"tt0826284","Title":"The Big Tick","imdbRating":"7.4"},{"Episode":"3","Released":"2006-05-31","imdbID":"tt0826281","Title":"Framed","imdbRating":"8.5"},{"Episode":"4","Released":"2006-06-04","imdbID":"tt0826283","Title":"Gwen 10","imdbRating":"7.8"},{"Episode":"5","Released":"2006-06-07","imdbID":"tt0826282","Title":"Grudge Match","imdbRating":"8.3"},{"Episode":"6","Released":"2006-06-13","imdbID":"tt0826285","Title":"The Galactic Enforcers","imdbRating":"7.4"},{"Episode":"7","Released":"2006-06-21","imdbID":"tt0826280","Title":"Camp Fear","imdbRating":"7.8"},{"Episode":"8","Released":"2006-07-06","imdbID":"tt0847945","Title":"Ultimate Weapon","imdbRating":"7.6"},{"Episode":"9","Released":"2006-07-12","imdbID":"tt0844405","Title":"Tough Luck","imdbRating":"7.8"},{"Episode":"10","Released":"2006-07-18","imdbID":"tt0847944","Title":"They Lurk Below","imdbRating":"N\/A"},{"Episode":"11","Released":"2006-07-25","imdbID":"tt0847943","Title":"Ghostfreaked Out","imdbRating":"N\/A"},{"Episode":"12","Released":"2006-08-25","imdbID":"tt0859901","Title":"Dr. Animo and the Mutant Ray","imdbRating":"N\/A"},{"Episode":"13","Released":"2006-10-09","imdbID":"tt0879431","Title":"Back with a Vengeance","imdbRating":"N\/A"}],"Title":"Ben 10","Season":"2"}
10:07:06.885 [main] ERROR com.intuit.karate - classpath:apiben10/ben10.feature:30
Then match response.totalSeasons == '3333'
match failed: EQUALS
  $ | not equal (STRING:STRING)
  '4'
  '3333'

classpath:apiben10/ben10.feature:30
]]></system-out>
  </testcase>
  <testcase name="testBen10[1][6]" classname="apiben10.ben10Runner" time="0.654">
    <failure message="match failed: EQUALS&#10;  $ | not equal (STRING:STRING)&#10;  &apos;The Big Tick&apos;&#10;  &apos;ghsfgcvbcvb&apos;&#10;&#10;classpath:apiben10/ben10.feature:36" type="org.opentest4j.AssertionFailedError">org.opentest4j.AssertionFailedError: 
match failed: EQUALS
  $ | not equal (STRING:STRING)
  'The Big Tick'
  'ghsfgcvbcvb'

classpath:apiben10/ben10.feature:36
</failure>
    <system-out><![CDATA[10:07:06.899 [main] INFO  com.intuit.karate - karate.env system property was: null 
10:07:06.902 [main] DEBUG com.intuit.karate - request:
1 > GET https://www.omdbapi.com/?t=ben_10&season=2&episode=2&apikey=6585022c
1 > Host: www.omdbapi.com
1 > Connection: Keep-Alive
1 > User-Agent: Apache-HttpClient/4.5.13 (Java/17.0.6)
1 > Accept-Encoding: gzip,deflate


10:07:06.953 [main] DEBUG com.intuit.karate - response time in milliseconds: 50
1 < 200
1 < Date: Sun, 03 Dec 2023 13:07:06 GMT
1 < Content-Type: application/json; charset=utf-8
1 < Transfer-Encoding: chunked
1 < Connection: keep-alive
1 < Cache-Control: public, max-age=86400
1 < expires: Sun, 03 Dec 2023 13:43:26 GMT
1 < last-modified: Sun, 03 Dec 2023 12:43:26 GMT
1 < vary: *, Accept-Encoding
1 < x-aspnet-version: 4.0.30319
1 < x-powered-by: ASP.NET
1 < access-control-allow-origin: *
1 < CF-Cache-Status: HIT
1 < Age: 1420
1 < Server: cloudflare
1 < CF-RAY: 82fc07e07c7e1a96-GRU
{"Released":"30 May 2006","Metascore":"N\/A","imdbID":"tt0826284","Plot":"Ben discovers a new alien in the Omnitrix. As he tries to figure out the alien's abilities, a meteor crashes nearby. A giant tick emerges. It's already destroyed several other planets. Now Earth is next.","Director":"Sebastian Montes","Title":"The Big Tick","Actors":"Tara Strong, Meagan Moore, Paul Eiding","imdbRating":"7.4","imdbVotes":"452","seriesID":"tt0760437","Ratings":[{"Value":"7.4\/10","Source":"Internet Movie Database"}],"Response":"True","Episode":"2","Runtime":"23 min","Type":"episode","Awards":"N\/A","Year":"2006","Language":"N\/A","Rated":"TV-Y7","Poster":"https:\/\/m.media-amazon.com\/images\/M\/MV5BYTJkNWFhZmMtM2M5ZS00YTdkLWE4YWMtNGM5ODlmNjdkYTVhXkEyXkFqcGdeQXVyNTc0NjY1ODk@._V1_SX300.jpg","Country":"N\/A","Genre":"Animation, Action, Adventure","Season":"2","Writer":"Kevin Hopps, Duncan Rouleau, Joe Casey"}
10:07:06.955 [main] ERROR com.intuit.karate - classpath:apiben10/ben10.feature:36
Then match response.Title == 'ghsfgcvbcvb'
match failed: EQUALS
  $ | not equal (STRING:STRING)
  'The Big Tick'
  'ghsfgcvbcvb'

classpath:apiben10/ben10.feature:36
---------------------------------------------------------
feature: classpath:apiben10/ben10.feature
scenarios:  6 | passed:  4 | failed:  2 | time: 0.8945
---------------------------------------------------------

Karate version: 1.0.1
======================================================
elapsed:   2.33 | threads:    1 | thread time: 0.89 
features:     1 | skipped:    0 | efficiency: 0.38
scenarios:    6 | passed:     4 | failed: 2
======================================================
>>> failed features:
match failed: EQUALS
  $ | not equal (STRING:STRING)
  '4'
  '3333'

classpath:apiben10/ben10.feature:30
match failed: EQUALS
  $ | not equal (STRING:STRING)
  'The Big Tick'
  'ghsfgcvbcvb'

classpath:apiben10/ben10.feature:36
<<<

HTML report: (paste into browser to view) | Karate version: 1.0.1
file:///C:/Users/gabri/OneDrive/Documentos/codiguins/Inatel/S206---L1/karate/trabalho_karate/karate_trabalho/target/karate-reports/karate-summary.html
===================================================================

]]></system-out>
  </testcase>
</testsuite>