<?xml version="1.0" encoding="UTF-8"?>
<testsuite xmlns:xsi="http://www.w3.org/2001/XMLSchema-instance" xsi:noNamespaceSchemaLocation="https://maven.apache.org/surefire/maven-surefire-plugin/xsd/surefire-test-report.xsd" name="apiben10.ben10Runner" time="2.613" tests="6" errors="0" skipped="0" failures="0">
  <properties>
[...]
</properties>
  <testcase name="testBen10[1][1]" classname="apiben10.ben10Runner" time="1.3"/>
  <testcase name="testBen10[1][2]" classname="apiben10.ben10Runner" time="0.083"/>
  <testcase name="testBen10[1][3]" classname="apiben10.ben10Runner" time="0.063"/>
  <testcase name="testBen10[1][4]" classname="apiben10.ben10Runner" time="0.061"/>
  <testcase name="testBen10[1][5]" classname="apiben10.ben10Runner" time="0.059"/>
  <testcase name="testBen10[1][6]" classname="apiben10.ben10Runner" time="0.596"/>
</testsuite>