-------------------------------------------------------------------------------
Test set: prova.provaRunner
-------------------------------------------------------------------------------
Tests run: 5, Failures: 1, Errors: 0, Skipped: 0, Time elapsed: 10.85 s <<< FAILURE! - in prova.provaRunner
testProva[1][4]  Time elapsed: 0.413 s  <<< FAILURE!
org.opentest4j.AssertionFailedError: 
match failed: EQUALS
  $ | not equal (NUMBER:NUMBER)
  1830415
  5.9451651651E10

classpath:prova/prova.feature:29

