<?xml version="1.0" encoding="UTF-8"?>
<testsuite xmlns:xsi="http://www.w3.org/2001/XMLSchema-instance" xsi:noNamespaceSchemaLocation="https://maven.apache.org/surefire/maven-surefire-plugin/xsd/surefire-test-report.xsd" name="prova.provaRunner" time="10.85" tests="5" errors="0" skipped="0" failures="1">
  <properties>
[...]
</properties>
  <testcase name="testProva[1][1]" classname="prova.provaRunner" time="5.273"/>
  <testcase name="testProva[1][2]" classname="prova.provaRunner" time="1.214"/>
  <testcase name="testProva[1][3]" classname="prova.provaRunner" time="1.267"/>
  <testcase name="testProva[1][4]" classname="prova.provaRunner" time="0.413">
    <failure message="match failed: EQUALS&#10;  $ | not equal (NUMBER:NUMBER)&#10;  1830415&#10;  5.9451651651E10&#10;&#10;classpath:prova/prova.feature:29" type="org.opentest4j.AssertionFailedError">org.opentest4j.AssertionFailedError: 
match failed: EQUALS
  $ | not equal (NUMBER:NUMBER)
  1830415
  5.9451651651E10

classpath:prova/prova.feature:29
</failure>
    <system-out><![CDATA[17:08:21.506 [main] INFO  com.intuit.karate - karate.env system property was: null 
17:08:21.509 [main] DEBUG com.intuit.karate - request:
1 > GET https://gorest.co.in/public/v2/users/1830415
1 > Host: gorest.co.in
1 > Connection: Keep-Alive
1 > User-Agent: Apache-HttpClient/4.5.13 (Java/17.0.6)
1 > Accept-Encoding: gzip,deflate


17:08:21.903 [main] DEBUG com.intuit.karate - response time in milliseconds: 394
1 < 200
1 < Date: Sun, 03 Dec 2023 20:08:21 GMT
1 < Content-Type: application/json; charset=utf-8
1 < Transfer-Encoding: chunked
1 < Connection: keep-alive
1 < Cache-Control: max-age=0, private, must-revalidate
1 < etag: W/"2e3daf6e869052c9e6fb856636be4530"
1 < referrer-policy: strict-origin-when-cross-origin
1 < vary: Origin
1 < x-content-type-options: nosniff
1 < x-download-options: noopen
1 < x-frame-options: SAMEORIGIN
1 < x-permitted-cross-domain-policies: none
1 < x-request-id: 493b379d-b7b9-4cea-adac-09ab2986b1a1
1 < x-runtime: 0.017275
1 < x-xss-protection: 0
1 < CF-Cache-Status: DYNAMIC
1 < Report-To: {"endpoints":[{"url":"https:\/\/a.nel.cloudflare.com\/report\/v3?s=nBp6mv6VOceRhu55ziLntMlYNf5hZt9OLZujr3qKmTbOYl0RT7NVnvua6%2BJ4KWCGqCUPFUuJbRSMo176rLb%2FyNHsd7XbZ4turfmYPTl25w5KG7ZIsyk%2BK8OAvFdfdao%3D"}],"group":"cf-nel","max_age":604800}
1 < NEL: {"success_fraction":0,"report_to":"cf-nel","max_age":604800}
1 < Server: cloudflare
1 < CF-RAY: 82fe70edde240322-GRU
1 < alt-svc: h3=":443"; ma=86400
{"gender":"female","name":"Aadrika Mahajan","id":1830415,"email":"aadrika_mahajan@roob.test","status":"inactive"}
17:08:21.906 [main] ERROR com.intuit.karate - classpath:prova/prova.feature:29
Then match $.id == 59451651651
match failed: EQUALS
  $ | not equal (NUMBER:NUMBER)
  1830415
  5.9451651651E10

classpath:prova/prova.feature:29
]]></system-out>
  </testcase>
  <testcase name="testProva[1][5]" classname="prova.provaRunner" time="2.13"/>
</testsuite>